Change Footprint: Cannot match pads with new footprint in component :U1 Footprint:RASPBERRY_PI_PICO
Change Footprint: Cannot match pads with new footprint in component :SW1 Footprint:SW_PG151101S11
Change Footprint: Cannot match pads with new footprint in component :SW2 Footprint:SW_PG151101S11
Change Footprint: Cannot match pads with new footprint in component :SW3 Footprint:SW_PG151101S11
Change Footprint: Cannot match pads with new footprint in component :SW4 Footprint:SW_PG151101S11
Change Footprint: Cannot match pads with new footprint in component :SW5 Footprint:SW_PG151101S11
Change Footprint: Cannot match pads with new footprint in component :SW6 Footprint:SW_PG151101S11
Change Footprint: Cannot match pads with new footprint in component :SW7 Footprint:SW_PG151101S11
Change Footprint: Cannot match pads with new footprint in component :SW8 Footprint:SW_PG151101S11
Change Footprint: Cannot match pads with new footprint in component :SW9 Footprint:SW_PG151101S11
Change Footprint: Cannot match pads with new footprint in component :SW10 Footprint:SW_PG151101S11
Change Footprint: Cannot match pads with new footprint in component :SW11 Footprint:SW_PG151101S11
Change Footprint: Cannot match pads with new footprint in component :SW12 Footprint:SW_PG151101S11
Change Component Description : Designator=U1 Old Description=MCU Module - Raspberry Pi Board, Arm Cortex-M0+; Core Architecture:Arm; Core Sub-Architecture:Cortex-M0+; Kit Contents:Raspberry Pi Pico Board; No. Of Bits:32Bit; Silicon Core Number:Rp2040; Silicon Manufacturer:Raspberry Pi New Description=MCU Module - Raspberry Pi Board, Arm Cortex-M0+; Core Architecture:Arm; Core Sub-Architecture:Cortex-M0+; Kit Contents:Raspberry Pi Pico Board; No. Of Bits:32Bit; Silicon Core Number:Rp2040; Silicon Manufacturer:Raspberry Pi |Raspberry-Pi RASPBERRY PI PICO
Added Component: Designator=C33(C0402 - Iron Soldering)
Add component (AddParameter): Name = ".Mounting"; Value = "SMT"; VariantName = "[No Variations]"
Add component (AddParameter): Name = ".PCBChecked"; Value = ""; VariantName = "[No Variations]"
Add component (AddParameter): Name = ".SCHChecked"; Value = ""; VariantName = "[No Variations]"
Add component (AddParameter): Name = "Capacitor Type"; Value = "Ceramic"; VariantName = "[No Variations]"
Add component (AddParameter): Name = "Case/Package"; Value = "0402"; VariantName = "[No Variations]"
Add component (AddParameter): Name = "Category"; Value = "Ceramic Capacitors"; VariantName = "[No Variations]"
Add component (AddParameter): Name = "ComponentLink1Description"; Value = "https://datasheet.ciiva.com:443/pdfs/VipMasterIC/IC/SEMS/SEMS-S-A0008523115/SEMS-S-A0008523129-1.pdf?src-supplier=IHS+Markit"; VariantName = "[No Variations]"
Add component (AddParameter): Name = "ComponentLink1URL"; Value = "https://datasheet.ciiva.com:443/pdfs/VipMasterIC/IC/SEMS/SEMS-S-A0008523115/SEMS-S-A0008523129-1.pdf?src-supplier=IHS+Markit"; VariantName = "[No Variations]"
Add component (AddParameter): Name = "ComponentLink2Description"; Value = "https://datasheet.ciiva.com/15165/getdatasheetpartid-37100-15165107.pdf?src-supplier=Verical"; VariantName = "[No Variations]"
Add component (AddParameter): Name = "ComponentLink2URL"; Value = "https://datasheet.ciiva.com/15165/getdatasheetpartid-37100-15165107.pdf?src-supplier=Verical"; VariantName = "[No Variations]"
Add component (AddParameter): Name = "ComponentLink3Description"; Value = "https://datasheet.ciiva.com/16498/cl05b104kq5nnnc-16498491.pdf?src-supplier=Future+Electronics"; VariantName = "[No Variations]"
Add component (AddParameter): Name = "ComponentLink3URL"; Value = "https://datasheet.ciiva.com/16498/cl05b104kq5nnnc-16498491.pdf?src-supplier=Future+Electronics"; VariantName = "[No Variations]"
Add component (AddParameter): Name = "Dielectric Material"; Value = "Ceramic"; VariantName = "[No Variations]"
Add component (AddParameter): Name = "Height"; Value = "0.5mm"; VariantName = "[No Variations]"
Add component (AddParameter): Name = "JESD-609 Code"; Value = "e3"; VariantName = "[No Variations]"
Add component (AddParameter): Name = "Length"; Value = "1mm"; VariantName = "[No Variations]"
Add component (AddParameter): Name = "Manufacturer 1"; Value = "Samsung"; VariantName = "[No Variations]"
Add component (AddParameter): Name = "Manufacturer Part Number 1"; Value = "CL05B104KP5NNNC"; VariantName = "[No Variations]"
Add component (AddParameter): Name = "Max Operating Temperature"; Value = "125°C"; VariantName = "[No Variations]"
Add component (AddParameter): Name = "Min Operating Temperature"; Value = "-55°C"; VariantName = "[No Variations]"
Add component (AddParameter): Name = "Mounting Technology"; Value = "Surface Mount"; VariantName = "[No Variations]"
Add component (AddParameter): Name = "Multilayer"; Value = "Yes"; VariantName = "[No Variations]"
Add component (AddParameter): Name = "Package Shape"; Value = "Rectangular"; VariantName = "[No Variations]"
Add component (AddParameter): Name = "Package Style"; Value = "SMTMeter"; VariantName = "[No Variations]"
Add component (AddParameter): Name = "Packaging"; Value = "Tape and Reel"; VariantName = "[No Variations]"
Add component (AddParameter): Name = "Pins"; Value = "2"; VariantName = "[No Variations]"
Add component (AddParameter): Name = "Pricing"; Value = "1=0,08, 10=0,004, 100=0,0036, 1000=0,0032 (USD)"; VariantName = "[No Variations]"
Add component (AddParameter): Name = "Rated DC Voltage (URdc)"; Value = "10V"; VariantName = "[No Variations]"
Add component (AddParameter): Name = "Reach SVHC Compliant"; Value = "Yes"; VariantName = "[No Variations]"
Add component (AddParameter): Name = "RoHS"; Value = "Yes"; VariantName = "[No Variations]"
Add component (AddParameter): Name = "RoHS Compliant"; Value = "Yes"; VariantName = "[No Variations]"
Add component (AddParameter): Name = "Stock"; Value = "29591550"; VariantName = "[No Variations]"
Add component (AddParameter): Name = "Supplier"; Value = "Digikey"; VariantName = "[No Variations]"
Add component (AddParameter): Name = "Supplier Part Number"; Value = "1276-1002-1-ND"; VariantName = "[No Variations]"
Add component (AddParameter): Name = "Temperature Characteristics Code"; Value = "X7R"; VariantName = "[No Variations]"
Add component (AddParameter): Name = "Terminal Finish"; Value = "Nickel"; VariantName = "[No Variations]"
Add component (AddParameter): Name = "Termination"; Value = "Wraparound"; VariantName = "[No Variations]"
Add component (AddParameter): Name = "Tolerance  (fill in as +-)"; Value = "10%"; VariantName = "[No Variations]"
Add component (AddParameter): Name = "Tolerance (fill in as +-)"; Value = "10%"; VariantName = "[No Variations]"
Add component (AddParameter): Name = "Value"; Value = "100nF"; VariantName = "[No Variations]"
Add component (AddParameter): Name = "Width"; Value = "0.5mm"; VariantName = "[No Variations]"
Added Component: Designator=D34(ESD321DPYR)
Add component (AddParameter): Name = ".Mounting"; Value = "SMT"; VariantName = "[No Variations]"
Add component (AddParameter): Name = ".Mouting"; Value = "SMT"; VariantName = "[No Variations]"
Add component (AddParameter): Name = ".PCBChecked"; Value = "Lucas Vieira"; VariantName = "[No Variations]"
Add component (AddParameter): Name = ".SCHChecked"; Value = "Lucas Vieira"; VariantName = "[No Variations]"
Add component (AddParameter): Name = "Category 1"; Value = "TVS Diodes"; VariantName = "[No Variations]"
Add component (AddParameter): Name = "ComponentLink1Description"; Value = "http://www.ti.com/general/docs/suppproductinfo.tsp?distId=10&amp;gotoUrl=http%3A%2F%2Fwww.ti.com%2Flit%2Fgpn%2Fesd321&src-supplier=Digi-Key"; VariantName = "[No Variations]"
Add component (AddParameter): Name = "ComponentLink1URL"; Value = "http://www.ti.com/general/docs/suppproductinfo.tsp?distId=10&amp;gotoUrl=http%3A%2F%2Fwww.ti.com%2Flit%2Fgpn%2Fesd321&src-supplier=Digi-Key"; VariantName = "[No Variations]"
Add component (AddParameter): Name = "Description 1"; Value = "ESD Suppressor Diode TVS Uni-Dir 3.6V 2-Pin X1SON T/R"; VariantName = "[No Variations]"
Add component (AddParameter): Name = "Manufacturer 1"; Value = "Texas Instruments"; VariantName = "[No Variations]"
Add component (AddParameter): Name = "Manufacturer 2"; Value = "Texas Instruments"; VariantName = "[No Variations]"
Add component (AddParameter): Name = "Manufacturer 3"; Value = "Panjit International Inc."; VariantName = "[No Variations]"
Add component (AddParameter): Name = "Manufacturer Part Number 1"; Value = "ESD321DPYR"; VariantName = "[No Variations]"
Add component (AddParameter): Name = "Manufacturer Part Number 2"; Value = "ESD351DPYR"; VariantName = "[No Variations]"
Add component (AddParameter): Name = "Manufacturer Part Number 3"; Value = "PE1605M1Q_R1_00001"; VariantName = "[No Variations]"
Add component (AddParameter): Name = "Pricing 1"; Value = "1=0,37000, 10=0,29900, 100=0,20350, 500=0,15264, 1000=0,11448, 2000=0,10494, 5000=0,09858 (USD)"; VariantName = "[No Variations]"
Add component (AddParameter): Name = "RoHS 1"; Value = "Yes"; VariantName = "[No Variations]"
Add component (AddParameter): Name = "RoHS Compliant"; Value = "Yes"; VariantName = "[No Variations]"
Add component (AddParameter): Name = "Stock 1"; Value = "172519"; VariantName = "[No Variations]"
Add component (AddParameter): Name = "Supplier 1"; Value = "Digi-Key"; VariantName = "[No Variations]"
Add component (AddParameter): Name = "Supplier Part Number 1"; Value = "296-51108-1-ND"; VariantName = "[No Variations]"
Added Component: Designator=SW13(PTS526SK15SMTR2_LFS)
Add component (AddParameter): Name = ".Mounting"; Value = "SMT"; VariantName = "[No Variations]"
Add component (AddParameter): Name = ".PCBChecked"; Value = ""; VariantName = "[No Variations]"
Add component (AddParameter): Name = ".SCHChecked"; Value = ""; VariantName = "[No Variations]"
Add component (AddParameter): Name = "Category"; Value = "Tactile Switches"; VariantName = "[No Variations]"
Add component (AddParameter): Name = "ComponentLink1Description"; Value = "https://datasheet.octopart.com/PTS815-SJM-250-SMTR-LFS-C%26K-Components-datasheet-175421037.pdf?src-supplier=Element14"; VariantName = "[No Variations]"
Add component (AddParameter): Name = "ComponentLink1URL"; Value = "https://datasheet.octopart.com/PTS815-SJM-250-SMTR-LFS-C%26K-Components-datasheet-175421037.pdf?src-supplier=Element14"; VariantName = "[No Variations]"
Add component (AddParameter): Name = "ComponentLink2Description"; Value = "https://dznh3ojzb2azq.cloudfront.net/products/Tactile/PTS815/documents/datasheet.pdf?src-supplier=Digikey"; VariantName = "[No Variations]"
Add component (AddParameter): Name = "ComponentLink2URL"; Value = "https://dznh3ojzb2azq.cloudfront.net/products/Tactile/PTS815/documents/datasheet.pdf?src-supplier=Digikey"; VariantName = "[No Variations]"
Add component (AddParameter): Name = "ComponentLink3Description"; Value = "https://datasheet.octopart.com/PTS815-SJM-250-SMTR-LFS-C%26K-Components-datasheet-175421037.pdf?src-supplier=Farnell"; VariantName = "[No Variations]"
Add component (AddParameter): Name = "ComponentLink3URL"; Value = "https://datasheet.octopart.com/PTS815-SJM-250-SMTR-LFS-C%26K-Components-datasheet-175421037.pdf?src-supplier=Farnell"; VariantName = "[No Variations]"
Add component (AddParameter): Name = "ComponentLink4Description"; Value = "https://datasheet.octopart.com/PTS815SJM250SMTRLFS-C%26K-Components-datasheet-166147782.pdf?src-supplier=TME"; VariantName = "[No Variations]"
Add component (AddParameter): Name = "ComponentLink4URL"; Value = "https://datasheet.octopart.com/PTS815SJM250SMTRLFS-C%26K-Components-datasheet-166147782.pdf?src-supplier=TME"; VariantName = "[No Variations]"
Add component (AddParameter): Name = "Manufacturer 1"; Value = "ITT C&K"; VariantName = "[No Variations]"
Add component (AddParameter): Name = "Manufacturer Part Number 1"; Value = "PTS815SJM250SMTRLFS"; VariantName = "[No Variations]"
Add component (AddParameter): Name = "Pricing"; Value = "1=0,22, 10=0,191, 25=0,1788, 100=0,1606, 250=0,14892, 500=0,14052, 1000=0,13263 (USD)"; VariantName = "[No Variations]"
Add component (AddParameter): Name = "RoHS"; Value = "Yes"; VariantName = "[No Variations]"
Add component (AddParameter): Name = "Stock"; Value = "10550"; VariantName = "[No Variations]"
Add component (AddParameter): Name = "Supplier"; Value = "Digikey"; VariantName = "[No Variations]"
Add component (AddParameter): Name = "Supplier Part Number"; Value = "CKN12215-1-ND"; VariantName = "[No Variations]"
Added Pin To Net: NetName=GND Pin=C33-1
Added Pin To Net: NetName=GND Pin=D34-2
Added Pin To Net: NetName=GND Pin=SW13-3
Added Pin To Net: NetName=GND Pin=SW13-4
Added Pin To Net: NetName=RUN Pin=C33-2
Added Pin To Net: NetName=RUN Pin=D34-1
Added Pin To Net: NetName=RUN Pin=SW13-1
Added Pin To Net: NetName=RUN Pin=SW13-2
Added Pin To Net: NetName=RUN Pin=U1-RUN
Added Pin To Net: NetName=RUN Pin=U1-RUN
Added Net: Name=RUN
Added Member To Class: ClassName=[03] - MICROCONTROLLER Member=Component C33 100nF/10V
Added Member To Class: ClassName=[03] - MICROCONTROLLER Member=Component D34 ESD321DPYR
Added Member To Class: ClassName=[03] - MICROCONTROLLER Member=Component SW13 PTS815SJM250SMTRLFS
