Change Footprint: Cannot match pads with new footprint in component :SW1 Footprint:SW_PG151101S11
Change Footprint: Cannot match pads with new footprint in component :SW2 Footprint:SW_PG151101S11
Change Footprint: Cannot match pads with new footprint in component :SW3 Footprint:SW_PG151101S11
Change Footprint: Cannot match pads with new footprint in component :SW4 Footprint:SW_PG151101S11
Change Footprint: Cannot match pads with new footprint in component :SW5 Footprint:SW_PG151101S11
Change Footprint: Cannot match pads with new footprint in component :SW6 Footprint:SW_PG151101S11
Change Footprint: Cannot match pads with new footprint in component :SW7 Footprint:SW_PG151101S11
Change Footprint: Cannot match pads with new footprint in component :SW8 Footprint:SW_PG151101S11
Change Footprint: Cannot match pads with new footprint in component :SW9 Footprint:SW_PG151101S11
Change Footprint: Cannot match pads with new footprint in component :SW10 Footprint:SW_PG151101S11
Change Footprint: Cannot match pads with new footprint in component :SW11 Footprint:SW_PG151101S11
Change Footprint: Cannot match pads with new footprint in component :SW12 Footprint:SW_PG151101S11
Added Component: Designator=U1(RASPBERRY_PI_PICO)
Add component (AddParameter): Name = ".Mounting"; Value = "SMD or PTH variant"; VariantName = "[No Variations]"
Add component (AddParameter): Name = ".PCBChecked"; Value = ""; VariantName = "[No Variations]"
Add component (AddParameter): Name = ".SCHChecked"; Value = ""; VariantName = "[No Variations]"
Add component (AddParameter): Name = "Check_prices"; Value = "https://www.snapeda.com/parts/RASPBERRY%20PI%20PICO/Raspberry+Pi/view-part/?ref=eda"; VariantName = "[No Variations]"
Add component (AddParameter): Name = "MF"; Value = "Raspberry Pi"; VariantName = "[No Variations]"
Add component (AddParameter): Name = "MP"; Value = "RASPBERRY PI PICO"; VariantName = "[No Variations]"
Add component (AddParameter): Name = "Package"; Value = "None"; VariantName = "[No Variations]"
Add component (AddParameter): Name = "SnapEDA_Link"; Value = "https://www.snapeda.com/parts/RASPBERRY%20PI%20PICO/Raspberry+Pi/view-part/?ref=snap"; VariantName = "[No Variations]"
Add component (AddParameter): Name = "Value"; Value = ""; VariantName = "[No Variations]"
Added Pin To Net: NetName=+3V3 Pin=U1-3V3
Added Pin To Net: NetName=+3V3 Pin=U1-3V3
Added Pin To Net: NetName=GND Pin=U1-AGND
Added Pin To Net: NetName=GND Pin=U1-AGND
Added Pin To Net: NetName=GND Pin=U1-GND
Added Pin To Net: NetName=GND Pin=U1-GND
Added Pin To Net: NetName=GND Pin=U1-GND
Added Pin To Net: NetName=GND Pin=U1-GND
Added Pin To Net: NetName=GND Pin=U1-GND
Added Pin To Net: NetName=GND Pin=U1-GND
Added Pin To Net: NetName=GND Pin=U1-GND
Added Pin To Net: NetName=GND Pin=U1-GND
Added Pin To Net: NetName=GND Pin=U1-GND
Added Pin To Net: NetName=GND Pin=U1-GND
Added Pin To Net: NetName=GND Pin=U1-GND
Added Pin To Net: NetName=GND Pin=U1-GND
Added Pin To Net: NetName=GND Pin=U1-GND
Added Pin To Net: NetName=GND Pin=U1-GND
Added Pin To Net: NetName=NetR2_2 Pin=U1-GP0
Added Pin To Net: NetName=NetR2_2 Pin=U1-GP0
Added Pin To Net: NetName=NetR3_2 Pin=U1-GP1
Added Pin To Net: NetName=NetR3_2 Pin=U1-GP1
Added Pin To Net: NetName=NetR4_2 Pin=U1-GP2
Added Pin To Net: NetName=NetR4_2 Pin=U1-GP2
Added Pin To Net: NetName=NetR5_2 Pin=U1-GP3
Added Pin To Net: NetName=NetR5_2 Pin=U1-GP3
Added Pin To Net: NetName=NetR6_2 Pin=U1-GP4
Added Pin To Net: NetName=NetR6_2 Pin=U1-GP4
Added Pin To Net: NetName=NetR7_2 Pin=U1-GP5
Added Pin To Net: NetName=NetR7_2 Pin=U1-GP5
Added Pin To Net: NetName=NetR8_2 Pin=U1-GP6
Added Pin To Net: NetName=NetR8_2 Pin=U1-GP6
Added Pin To Net: NetName=NetR9_2 Pin=U1-GP7
Added Pin To Net: NetName=NetR9_2 Pin=U1-GP7
Added Pin To Net: NetName=NetR10_2 Pin=U1-GP8
Added Pin To Net: NetName=NetR10_2 Pin=U1-GP8
Added Pin To Net: NetName=NetR11_2 Pin=U1-GP9
Added Pin To Net: NetName=NetR11_2 Pin=U1-GP9
Added Pin To Net: NetName=NetR12_2 Pin=U1-GP10
Added Pin To Net: NetName=NetR12_2 Pin=U1-GP10
Added Pin To Net: NetName=NetR13_2 Pin=U1-GP11
Added Pin To Net: NetName=NetR13_2 Pin=U1-GP11
Added Pin To Net: NetName=NetD17_2 Pin=U1-GP12
Added Pin To Net: NetName=NetD17_2 Pin=U1-GP12
Added Pin To Net: NetName=NetD29_2 Pin=U1-GP15
Added Pin To Net: NetName=NetD29_2 Pin=U1-GP15
Added Pin To Net: NetName=NetR1_1 Pin=U1-GP17
Added Pin To Net: NetName=NetR1_1 Pin=U1-GP17
Added Pin To Net: NetName=RUN Pin=U1-RUN
Added Pin To Net: NetName=RUN Pin=U1-RUN
Added Member To Class: ClassName=[03] - MICROCONTROLLER Member=Component U1 RASPBERRY_PI_PICO
