Removed Pin From Net: NetName=GND Pin=C33-1
Removed Pin From Net: NetName=RUN Pin=C33-2
Removed Pin From Net: NetName=RUN Pin=D34-1
Removed Pin From Net: NetName=GND Pin=D34-2
Removed Pin From Net: NetName=RUN Pin=SW13-1
Removed Pin From Net: NetName=RUN Pin=SW13-2
Removed Pin From Net: NetName=GND Pin=SW13-3
Removed Pin From Net: NetName=GND Pin=SW13-4
Removed Member From Class: ClassName=[03] - MICROCONTROLLER Member=C33
Removed Member From Class: ClassName=[03] - MICROCONTROLLER Member=D34
Removed Member From Class: ClassName=[03] - MICROCONTROLLER Member=SW13
Change Component Description : Designator=U1 Old Description=MCU Module - Raspberry Pi Board, Arm Cortex-M0+; Core Architecture:Arm; Core Sub-Architecture:Cortex-M0+; Kit Contents:Raspberry Pi Pico Board; No. Of Bits:32Bit; Silicon Core Number:Rp2040; Silicon Manufacturer:Raspberry Pi New Description=MCU Module - Raspberry Pi Board, Arm Cortex-M0+; Core Architecture:Arm; Core Sub-Architecture:Cortex-M0+; Kit Contents:Raspberry Pi Pico Board; No. Of Bits:32Bit; Silicon Core Number:Rp2040; Silicon Manufacturer:Raspberry Pi |Raspberry-Pi RASPBERRY PI PICO
Change Net Color : Old Net Color=RGB(110, 255, 255) New Net Color=White
PCB-ECO: Change Pad Pin/Pkg Length: Old=0mm New=0.254mm
PCB-ECO: Change Pad Pin/Pkg Length: Old=0mm New=0.254mm
PCB-ECO: Change Pad Pin/Pkg Length: Old=0mm New=0.254mm
PCB-ECO: Change Pad Pin/Pkg Length: Old=0mm New=0.254mm
PCB-ECO: Change Pad Pin/Pkg Length: Old=0mm New=0.254mm
PCB-ECO: Change Pad Pin/Pkg Length: Old=0mm New=0.254mm
PCB-ECO: Change Pad Pin/Pkg Length: Old=0mm New=0.254mm
PCB-ECO: Change Pad Pin/Pkg Length: Old=0mm New=0.254mm
PCB-ECO: Change Pad Pin/Pkg Length: Old=0mm New=0.254mm
PCB-ECO: Change Pad Pin/Pkg Length: Old=0mm New=0.254mm
PCB-ECO: Change Pad Pin/Pkg Length: Old=0mm New=0.254mm
PCB-ECO: Change Pad Pin/Pkg Length: Old=0mm New=0.254mm
PCB-ECO: Change Pad Pin/Pkg Length: Old=0mm New=0.254mm
PCB-ECO: Change Pad Pin/Pkg Length: Old=0mm New=0.254mm
PCB-ECO: Change Pad Pin/Pkg Length: Old=0mm New=0.254mm
PCB-ECO: Change Pad Pin/Pkg Length: Old=0mm New=0.254mm
PCB-ECO: Change Pad Pin/Pkg Length: Old=0mm New=0.254mm
PCB-ECO: Change Pad Pin/Pkg Length: Old=0mm New=0.254mm
PCB-ECO: Change Pad Pin/Pkg Length: Old=0mm New=0.254mm
PCB-ECO: Change Pad Pin/Pkg Length: Old=0mm New=0.254mm
PCB-ECO: Change Pad Pin/Pkg Length: Old=0mm New=0.254mm
PCB-ECO: Change Pad Pin/Pkg Length: Old=0mm New=0.254mm
PCB-ECO: Change Pad Pin/Pkg Length: Old=0mm New=0.254mm
PCB-ECO: Change Pad Pin/Pkg Length: Old=0mm New=0.254mm
PCB-ECO: Change Pad Pin/Pkg Length: Old=0mm New=0.254mm
PCB-ECO: Change Pad Pin/Pkg Length: Old=0mm New=0.254mm
PCB-ECO: Change Pad Pin/Pkg Length: Old=0mm New=0.254mm
PCB-ECO: Change Pad Pin/Pkg Length: Old=0mm New=0.254mm
PCB-ECO: Change Pad Pin/Pkg Length: Old=0mm New=0.254mm
PCB-ECO: Change Pad Pin/Pkg Length: Old=0mm New=0.254mm
PCB-ECO: Change Pad Pin/Pkg Length: Old=0mm New=0.254mm
PCB-ECO: Change Pad Pin/Pkg Length: Old=0mm New=0.254mm
PCB-ECO: Change Pad Pin/Pkg Length: Old=0mm New=0.254mm
PCB-ECO: Change Pad Pin/Pkg Length: Old=0mm New=0.254mm
PCB-ECO: Change Pad Pin/Pkg Length: Old=0mm New=0.254mm
PCB-ECO: Change Pad Pin/Pkg Length: Old=0mm New=0.254mm
PCB-ECO: Change Pad Pin/Pkg Length: Old=0mm New=0.254mm
PCB-ECO: Change Pad Pin/Pkg Length: Old=0mm New=0.254mm
PCB-ECO: Change Pad Pin/Pkg Length: Old=0mm New=0.254mm
PCB-ECO: Change Pad Pin/Pkg Length: Old=0mm New=0.254mm
PCB-ECO: Change Pad Pin/Pkg Length: Old=0mm New=0.254mm
PCB-ECO: Change Pad Pin/Pkg Length: Old=0mm New=0.254mm
PCB-ECO: Change Pad Pin/Pkg Length: Old=0mm New=0.254mm
PCB-ECO: Change Pad Pin/Pkg Length: Old=0mm New=0.254mm
PCB-ECO: Change Pad Pin/Pkg Length: Old=0mm New=0.254mm
PCB-ECO: Change Pad Pin/Pkg Length: Old=0mm New=0.254mm
PCB-ECO: Change Pad Pin/Pkg Length: Old=0mm New=0.254mm
PCB-ECO: Change Pad Pin/Pkg Length: Old=0mm New=0.254mm
PCB-ECO: Change Pad Pin/Pkg Length: Old=0mm New=0.254mm
PCB-ECO: Change Pad Pin/Pkg Length: Old=0mm New=0.254mm
PCB-ECO: Change Pad Pin/Pkg Length: Old=0mm New=0.254mm
PCB-ECO: Change Pad Pin/Pkg Length: Old=0mm New=0.254mm
PCB-ECO: Change Pad Pin/Pkg Length: Old=0mm New=0.254mm
PCB-ECO: Change Pad Pin/Pkg Length: Old=0mm New=0.254mm
PCB-ECO: Change Pad Pin/Pkg Length: Old=0mm New=0.254mm
PCB-ECO: Change Pad Pin/Pkg Length: Old=0mm New=0.254mm
PCB-ECO: Change Pad Pin/Pkg Length: Old=0mm New=0.254mm
PCB-ECO: Change Pad Pin/Pkg Length: Old=0mm New=0.254mm
PCB-ECO: Change Pad Pin/Pkg Length: Old=0mm New=0.254mm
PCB-ECO: Change Pad Pin/Pkg Length: Old=0mm New=0.254mm
PCB-ECO: Change Pad Pin/Pkg Length: Old=0mm New=0.254mm
PCB-ECO: Change Pad Pin/Pkg Length: Old=0mm New=0.254mm
PCB-ECO: Change Pad Pin/Pkg Length: Old=0mm New=0.254mm
PCB-ECO: Change Pad Pin/Pkg Length: Old=0mm New=0.254mm
PCB-ECO: Change Pad Pin/Pkg Length: Old=0mm New=0.254mm
PCB-ECO: Change Pad Pin/Pkg Length: Old=0mm New=0.254mm
PCB-ECO: Change Pad Pin/Pkg Length: Old=0mm New=0.254mm
PCB-ECO: Change Pad Pin/Pkg Length: Old=0mm New=0.254mm
PCB-ECO: Change Pad Pin/Pkg Length: Old=0mm New=0.254mm
PCB-ECO: Change Pad Pin/Pkg Length: Old=0mm New=0.254mm
PCB-ECO: Change Pad Pin/Pkg Length: Old=0mm New=0.254mm
PCB-ECO: Change Pad Pin/Pkg Length: Old=0mm New=0.254mm
PCB-ECO: Change Pad Pin/Pkg Length: Old=0mm New=0.254mm
PCB-ECO: Change Pad Pin/Pkg Length: Old=0mm New=0.254mm
PCB-ECO: Change Pad Pin/Pkg Length: Old=0mm New=0.254mm
PCB-ECO: Change Pad Pin/Pkg Length: Old=0mm New=0.254mm
PCB-ECO: Change Pad Pin/Pkg Length: Old=0mm New=0.254mm
PCB-ECO: Change Pad Pin/Pkg Length: Old=0mm New=0.254mm
PCB-ECO: Change Pad Pin/Pkg Length: Old=0mm New=0.254mm
PCB-ECO: Change Pad Pin/Pkg Length: Old=0mm New=0.254mm
PCB-ECO: Change Pad Pin/Pkg Length: Old=0mm New=0.254mm
PCB-ECO: Change Pad Pin/Pkg Length: Old=0mm New=0.254mm
