Removed Pin From Net: NetName=GND Pin=C13-1
Removed Pin From Net: NetName=NetC13_2 Pin=C13-2
Removed Pin From Net: NetName=GND Pin=C14-1
Removed Pin From Net: NetName=NetC14_2 Pin=C14-2
Removed Pin From Net: NetName=GND Pin=C15-1
Removed Pin From Net: NetName=NetC15_2 Pin=C15-2
Removed Pin From Net: NetName=GND Pin=C16-1
Removed Pin From Net: NetName=NetC16_2 Pin=C16-2
Removed Pin From Net: NetName=NetC13_2 Pin=D13-1
Removed Pin From Net: NetName=GND Pin=D13-2
Removed Pin From Net: NetName=NetC14_2 Pin=D14-1
Removed Pin From Net: NetName=GND Pin=D14-2
Removed Pin From Net: NetName=NetC15_2 Pin=D15-1
Removed Pin From Net: NetName=GND Pin=D15-2
Removed Pin From Net: NetName=NetC16_2 Pin=D16-1
Removed Pin From Net: NetName=GND Pin=D16-2
Removed Pin From Net: NetName=+3V3 Pin=R2-2
Removed Pin From Net: NetName=+3V3 Pin=R3-2
Removed Pin From Net: NetName=+3V3 Pin=R4-2
Removed Pin From Net: NetName=+3V3 Pin=R5-2
Removed Pin From Net: NetName=+3V3 Pin=R6-2
Removed Pin From Net: NetName=+3V3 Pin=R7-2
Removed Pin From Net: NetName=+3V3 Pin=R8-2
Removed Pin From Net: NetName=+3V3 Pin=R9-2
Removed Pin From Net: NetName=+3V3 Pin=R10-2
Removed Pin From Net: NetName=+3V3 Pin=R11-2
Removed Pin From Net: NetName=+3V3 Pin=R12-2
Removed Pin From Net: NetName=+3V3 Pin=R13-2
Removed Pin From Net: NetName=NetC13_2 Pin=R14-1
Removed Pin From Net: NetName=+3V3 Pin=R14-2
Removed Pin From Net: NetName=NetC14_2 Pin=R15-1
Removed Pin From Net: NetName=+3V3 Pin=R15-2
Removed Pin From Net: NetName=NetC15_2 Pin=R16-1
Removed Pin From Net: NetName=+3V3 Pin=R16-2
Removed Pin From Net: NetName=NetC16_2 Pin=R17-1
Removed Pin From Net: NetName=+3V3 Pin=R17-2
Removed Pin From Net: NetName=GND Pin=SW1-2
Removed Pin From Net: NetName=GND Pin=SW1-2
Removed Pin From Net: NetName=GND Pin=SW2-2
Removed Pin From Net: NetName=GND Pin=SW2-2
Removed Pin From Net: NetName=GND Pin=SW3-2
Removed Pin From Net: NetName=GND Pin=SW3-2
Removed Pin From Net: NetName=GND Pin=SW4-2
Removed Pin From Net: NetName=GND Pin=SW4-2
Removed Pin From Net: NetName=GND Pin=SW5-2
Removed Pin From Net: NetName=GND Pin=SW5-2
Removed Pin From Net: NetName=GND Pin=SW6-2
Removed Pin From Net: NetName=GND Pin=SW6-2
Removed Pin From Net: NetName=GND Pin=SW7-2
Removed Pin From Net: NetName=GND Pin=SW7-2
Removed Pin From Net: NetName=GND Pin=SW8-2
Removed Pin From Net: NetName=GND Pin=SW8-2
Removed Pin From Net: NetName=GND Pin=SW9-2
Removed Pin From Net: NetName=GND Pin=SW9-2
Removed Pin From Net: NetName=GND Pin=SW10-2
Removed Pin From Net: NetName=GND Pin=SW10-2
Removed Pin From Net: NetName=GND Pin=SW11-2
Removed Pin From Net: NetName=GND Pin=SW11-2
Removed Pin From Net: NetName=GND Pin=SW12-2
Removed Pin From Net: NetName=GND Pin=SW12-2
Removed Pin From Net: NetName=NetC13_2 Pin=SW13-1
Removed Pin From Net: NetName=NetC13_2 Pin=SW13-1
Removed Pin From Net: NetName=GND Pin=SW13-2
Removed Pin From Net: NetName=GND Pin=SW13-2
Removed Pin From Net: NetName=NetC14_2 Pin=SW14-1
Removed Pin From Net: NetName=NetC14_2 Pin=SW14-1
Removed Pin From Net: NetName=GND Pin=SW14-2
Removed Pin From Net: NetName=GND Pin=SW14-2
Removed Pin From Net: NetName=NetC15_2 Pin=SW15-1
Removed Pin From Net: NetName=NetC15_2 Pin=SW15-1
Removed Pin From Net: NetName=GND Pin=SW15-2
Removed Pin From Net: NetName=GND Pin=SW15-2
Removed Pin From Net: NetName=NetC16_2 Pin=SW16-1
Removed Pin From Net: NetName=NetC16_2 Pin=SW16-1
Removed Pin From Net: NetName=GND Pin=SW16-2
Removed Pin From Net: NetName=GND Pin=SW16-2
Removed Pin From Net: NetName=NetC1_2 Pin=U1-GP0
Removed Pin From Net: NetName=NetC1_2 Pin=U1-GP0
Removed Pin From Net: NetName=NetC2_2 Pin=U1-GP1
Removed Pin From Net: NetName=NetC2_2 Pin=U1-GP1
Removed Pin From Net: NetName=NetC3_2 Pin=U1-GP2
Removed Pin From Net: NetName=NetC3_2 Pin=U1-GP2
Removed Pin From Net: NetName=NetC4_2 Pin=U1-GP3
Removed Pin From Net: NetName=NetC4_2 Pin=U1-GP3
Removed Pin From Net: NetName=NetC5_2 Pin=U1-GP4
Removed Pin From Net: NetName=NetC5_2 Pin=U1-GP4
Removed Pin From Net: NetName=NetC6_2 Pin=U1-GP5
Removed Pin From Net: NetName=NetC6_2 Pin=U1-GP5
Removed Pin From Net: NetName=NetC7_2 Pin=U1-GP6
Removed Pin From Net: NetName=NetC7_2 Pin=U1-GP6
Removed Pin From Net: NetName=NetC8_2 Pin=U1-GP7
Removed Pin From Net: NetName=NetC8_2 Pin=U1-GP7
Removed Pin From Net: NetName=NetC9_2 Pin=U1-GP8
Removed Pin From Net: NetName=NetC9_2 Pin=U1-GP8
Removed Pin From Net: NetName=NetC10_2 Pin=U1-GP9
Removed Pin From Net: NetName=NetC10_2 Pin=U1-GP9
Removed Pin From Net: NetName=NetC11_2 Pin=U1-GP10
Removed Pin From Net: NetName=NetC11_2 Pin=U1-GP10
Removed Pin From Net: NetName=NetC12_2 Pin=U1-GP11
Removed Pin From Net: NetName=NetC12_2 Pin=U1-GP11
Removed Pin From Net: NetName=NetC13_2 Pin=U1-GP12
Removed Pin From Net: NetName=NetC13_2 Pin=U1-GP12
Removed Pin From Net: NetName=NetC14_2 Pin=U1-GP13
Removed Pin From Net: NetName=NetC14_2 Pin=U1-GP13
Removed Pin From Net: NetName=NetC15_2 Pin=U1-GP14
Removed Pin From Net: NetName=NetC15_2 Pin=U1-GP14
Removed Pin From Net: NetName=NetC16_2 Pin=U1-GP15
Removed Pin From Net: NetName=NetC16_2 Pin=U1-GP15
Removed Member From Class: ClassName=[04] - KEYS Member=C13
Removed Member From Class: ClassName=[04] - KEYS Member=C14
Removed Member From Class: ClassName=[04] - KEYS Member=C15
Removed Member From Class: ClassName=[04] - KEYS Member=C16
Removed Member From Class: ClassName=[04] - KEYS Member=D13
Removed Member From Class: ClassName=[04] - KEYS Member=D14
Removed Member From Class: ClassName=[04] - KEYS Member=D15
Removed Member From Class: ClassName=[04] - KEYS Member=D16
Removed Member From Class: ClassName=[04] - KEYS Member=R14
Removed Member From Class: ClassName=[04] - KEYS Member=R15
Removed Member From Class: ClassName=[04] - KEYS Member=R16
Removed Member From Class: ClassName=[04] - KEYS Member=R17
Removed Member From Class: ClassName=[04] - KEYS Member=SW13
Removed Member From Class: ClassName=[04] - KEYS Member=SW14
Removed Member From Class: ClassName=[04] - KEYS Member=SW15
Removed Member From Class: ClassName=[04] - KEYS Member=SW16
Change Component Description : Designator=U1 Old Description=MCU Module - Raspberry Pi Board, Arm Cortex-M0+; Core Architecture:Arm; Core Sub-Architecture:Cortex-M0+; Kit Contents:Raspberry Pi Pico Board; No. Of Bits:32Bit; Silicon Core Number:Rp2040; Silicon Manufacturer:Raspberry Pi New Description=MCU Module - Raspberry Pi Board, Arm Cortex-M0+; Core Architecture:Arm; Core Sub-Architecture:Cortex-M0+; Kit Contents:Raspberry Pi Pico Board; No. Of Bits:32Bit; Silicon Core Number:Rp2040; Silicon Manufacturer:Raspberry Pi |Raspberry-Pi RASPBERRY PI PICO
Added Pin To Net: NetName=NetC16_2 Pin=R10-2
Added Pin To Net: NetName=NetC15_2 Pin=R11-2
Added Pin To Net: NetName=NetC14_2 Pin=R12-2
Added Pin To Net: NetName=NetC13_2 Pin=R13-2
Added Pin To Net: NetName=+3V3 Pin=SW1-2
Added Pin To Net: NetName=+3V3 Pin=SW1-2
Added Pin To Net: NetName=+3V3 Pin=SW2-2
Added Pin To Net: NetName=+3V3 Pin=SW2-2
Added Pin To Net: NetName=+3V3 Pin=SW3-2
Added Pin To Net: NetName=+3V3 Pin=SW3-2
Added Pin To Net: NetName=+3V3 Pin=SW4-2
Added Pin To Net: NetName=+3V3 Pin=SW4-2
Added Pin To Net: NetName=+3V3 Pin=SW5-2
Added Pin To Net: NetName=+3V3 Pin=SW5-2
Added Pin To Net: NetName=+3V3 Pin=SW6-2
Added Pin To Net: NetName=+3V3 Pin=SW6-2
Added Pin To Net: NetName=+3V3 Pin=SW7-2
Added Pin To Net: NetName=+3V3 Pin=SW7-2
Added Pin To Net: NetName=+3V3 Pin=SW8-2
Added Pin To Net: NetName=+3V3 Pin=SW8-2
Added Pin To Net: NetName=+3V3 Pin=SW9-2
Added Pin To Net: NetName=+3V3 Pin=SW9-2
Added Pin To Net: NetName=+3V3 Pin=SW10-2
Added Pin To Net: NetName=+3V3 Pin=SW10-2
Added Pin To Net: NetName=+3V3 Pin=SW11-2
Added Pin To Net: NetName=+3V3 Pin=SW11-2
Added Pin To Net: NetName=+3V3 Pin=SW12-2
Added Pin To Net: NetName=+3V3 Pin=SW12-2
Added Pin To Net: NetName=NetC16_2 Pin=U1-GP8
Added Pin To Net: NetName=NetC16_2 Pin=U1-GP8
Added Pin To Net: NetName=NetC15_2 Pin=U1-GP9
Added Pin To Net: NetName=NetC15_2 Pin=U1-GP9
Added Pin To Net: NetName=NetC14_2 Pin=U1-GP10
Added Pin To Net: NetName=NetC14_2 Pin=U1-GP10
Added Pin To Net: NetName=NetC13_2 Pin=U1-GP11
Added Pin To Net: NetName=NetC13_2 Pin=U1-GP11
Change Net Name : Old Net Name=NetC13_2 New Net Name=NetR13_2
Change Net Name : Old Net Name=NetC14_2 New Net Name=NetR12_2
Change Net Name : Old Net Name=NetC15_2 New Net Name=NetR11_2
Change Net Name : Old Net Name=NetC16_2 New Net Name=NetR10_2
Added Pin To Net: NetName=NetR2_2 Pin=R2-2
Added Pin To Net: NetName=NetR2_2 Pin=U1-GP0
Added Pin To Net: NetName=NetR2_2 Pin=U1-GP0
Added Net: Name=NetR2_2
Added Pin To Net: NetName=NetR3_2 Pin=R3-2
Added Pin To Net: NetName=NetR3_2 Pin=U1-GP1
Added Pin To Net: NetName=NetR3_2 Pin=U1-GP1
Added Net: Name=NetR3_2
Added Pin To Net: NetName=NetR4_2 Pin=R4-2
Added Pin To Net: NetName=NetR4_2 Pin=U1-GP2
Added Pin To Net: NetName=NetR4_2 Pin=U1-GP2
Added Net: Name=NetR4_2
Added Pin To Net: NetName=NetR5_2 Pin=R5-2
Added Pin To Net: NetName=NetR5_2 Pin=U1-GP3
Added Pin To Net: NetName=NetR5_2 Pin=U1-GP3
Added Net: Name=NetR5_2
Added Pin To Net: NetName=NetR6_2 Pin=R6-2
Added Pin To Net: NetName=NetR6_2 Pin=U1-GP4
Added Pin To Net: NetName=NetR6_2 Pin=U1-GP4
Added Net: Name=NetR6_2
Added Pin To Net: NetName=NetR7_2 Pin=R7-2
Added Pin To Net: NetName=NetR7_2 Pin=U1-GP5
Added Pin To Net: NetName=NetR7_2 Pin=U1-GP5
Added Net: Name=NetR7_2
Added Pin To Net: NetName=NetR8_2 Pin=R8-2
Added Pin To Net: NetName=NetR8_2 Pin=U1-GP6
Added Pin To Net: NetName=NetR8_2 Pin=U1-GP6
Added Net: Name=NetR8_2
Added Pin To Net: NetName=NetR9_2 Pin=R9-2
Added Pin To Net: NetName=NetR9_2 Pin=U1-GP7
Added Pin To Net: NetName=NetR9_2 Pin=U1-GP7
Added Net: Name=NetR9_2
PCB-ECO: Change Pad Pin/Pkg Length: Old=0mm New=0.254mm
PCB-ECO: Change Pad Pin/Pkg Length: Old=0mm New=0.254mm
PCB-ECO: Change Pad Pin/Pkg Length: Old=0mm New=0.254mm
PCB-ECO: Change Pad Pin/Pkg Length: Old=0mm New=0.254mm
PCB-ECO: Change Pad Pin/Pkg Length: Old=0mm New=0.254mm
PCB-ECO: Change Pad Pin/Pkg Length: Old=0mm New=0.254mm
PCB-ECO: Change Pad Pin/Pkg Length: Old=0mm New=0.254mm
PCB-ECO: Change Pad Pin/Pkg Length: Old=0mm New=0.254mm
PCB-ECO: Change Pad Pin/Pkg Length: Old=0mm New=0.254mm
PCB-ECO: Change Pad Pin/Pkg Length: Old=0mm New=0.254mm
PCB-ECO: Change Pad Pin/Pkg Length: Old=0mm New=0.254mm
PCB-ECO: Change Pad Pin/Pkg Length: Old=0mm New=0.254mm
PCB-ECO: Change Pad Pin/Pkg Length: Old=0mm New=0.254mm
PCB-ECO: Change Pad Pin/Pkg Length: Old=0mm New=0.254mm
PCB-ECO: Change Pad Pin/Pkg Length: Old=0mm New=0.254mm
PCB-ECO: Change Pad Pin/Pkg Length: Old=0mm New=0.254mm
PCB-ECO: Change Pad Pin/Pkg Length: Old=0mm New=0.254mm
PCB-ECO: Change Pad Pin/Pkg Length: Old=0mm New=0.254mm
PCB-ECO: Change Pad Pin/Pkg Length: Old=0mm New=0.254mm
PCB-ECO: Change Pad Pin/Pkg Length: Old=0mm New=0.254mm
PCB-ECO: Change Pad Pin/Pkg Length: Old=0mm New=0.254mm
PCB-ECO: Change Pad Pin/Pkg Length: Old=0mm New=0.254mm
PCB-ECO: Change Pad Pin/Pkg Length: Old=0mm New=0.254mm
PCB-ECO: Change Pad Pin/Pkg Length: Old=0mm New=0.254mm
PCB-ECO: Change Pad Pin/Pkg Length: Old=0mm New=0.254mm
PCB-ECO: Change Pad Pin/Pkg Length: Old=0mm New=0.254mm
PCB-ECO: Change Pad Pin/Pkg Length: Old=0mm New=0.254mm
PCB-ECO: Change Pad Pin/Pkg Length: Old=0mm New=0.254mm
PCB-ECO: Change Pad Pin/Pkg Length: Old=0mm New=0.254mm
PCB-ECO: Change Pad Pin/Pkg Length: Old=0mm New=0.254mm
PCB-ECO: Change Pad Pin/Pkg Length: Old=0mm New=0.254mm
PCB-ECO: Change Pad Pin/Pkg Length: Old=0mm New=0.254mm
PCB-ECO: Change Pad Pin/Pkg Length: Old=0mm New=0.254mm
PCB-ECO: Change Pad Pin/Pkg Length: Old=0mm New=0.254mm
PCB-ECO: Change Pad Pin/Pkg Length: Old=0mm New=0.254mm
PCB-ECO: Change Pad Pin/Pkg Length: Old=0mm New=0.254mm
PCB-ECO: Change Pad Pin/Pkg Length: Old=0mm New=0.254mm
PCB-ECO: Change Pad Pin/Pkg Length: Old=0mm New=0.254mm
PCB-ECO: Change Pad Pin/Pkg Length: Old=0mm New=0.254mm
PCB-ECO: Change Pad Pin/Pkg Length: Old=0mm New=0.254mm
PCB-ECO: Change Pad Pin/Pkg Length: Old=0mm New=0.254mm
PCB-ECO: Change Pad Pin/Pkg Length: Old=0mm New=0.254mm
PCB-ECO: Change Pad Pin/Pkg Length: Old=0mm New=0.254mm
PCB-ECO: Change Pad Pin/Pkg Length: Old=0mm New=0.254mm
PCB-ECO: Change Pad Pin/Pkg Length: Old=0mm New=0.254mm
PCB-ECO: Change Pad Pin/Pkg Length: Old=0mm New=0.254mm
PCB-ECO: Change Pad Pin/Pkg Length: Old=0mm New=0.254mm
PCB-ECO: Change Pad Pin/Pkg Length: Old=0mm New=0.254mm
PCB-ECO: Change Pad Pin/Pkg Length: Old=0mm New=0.254mm
PCB-ECO: Change Pad Pin/Pkg Length: Old=0mm New=0.254mm
PCB-ECO: Change Pad Pin/Pkg Length: Old=0mm New=0.254mm
PCB-ECO: Change Pad Pin/Pkg Length: Old=0mm New=0.254mm
PCB-ECO: Change Pad Pin/Pkg Length: Old=0mm New=0.254mm
PCB-ECO: Change Pad Pin/Pkg Length: Old=0mm New=0.254mm
PCB-ECO: Change Pad Pin/Pkg Length: Old=0mm New=0.254mm
PCB-ECO: Change Pad Pin/Pkg Length: Old=0mm New=0.254mm
PCB-ECO: Change Pad Pin/Pkg Length: Old=0mm New=0.254mm
PCB-ECO: Change Pad Pin/Pkg Length: Old=0mm New=0.254mm
PCB-ECO: Change Pad Pin/Pkg Length: Old=0mm New=0.254mm
PCB-ECO: Change Pad Pin/Pkg Length: Old=0mm New=0.254mm
PCB-ECO: Change Pad Pin/Pkg Length: Old=0mm New=0.254mm
PCB-ECO: Change Pad Pin/Pkg Length: Old=0mm New=0.254mm
PCB-ECO: Change Pad Pin/Pkg Length: Old=0mm New=0.254mm
PCB-ECO: Change Pad Pin/Pkg Length: Old=0mm New=0.254mm
PCB-ECO: Change Pad Pin/Pkg Length: Old=0mm New=0.254mm
PCB-ECO: Change Pad Pin/Pkg Length: Old=0mm New=0.254mm
PCB-ECO: Change Pad Pin/Pkg Length: Old=0mm New=0.254mm
PCB-ECO: Change Pad Pin/Pkg Length: Old=0mm New=0.254mm
PCB-ECO: Change Pad Pin/Pkg Length: Old=0mm New=0.254mm
PCB-ECO: Change Pad Pin/Pkg Length: Old=0mm New=0.254mm
PCB-ECO: Change Pad Pin/Pkg Length: Old=0mm New=0.254mm
PCB-ECO: Change Pad Pin/Pkg Length: Old=0mm New=0.254mm
PCB-ECO: Change Pad Pin/Pkg Length: Old=0mm New=0.254mm
PCB-ECO: Change Pad Pin/Pkg Length: Old=0mm New=0.254mm
PCB-ECO: Change Pad Pin/Pkg Length: Old=0mm New=0.254mm
PCB-ECO: Change Pad Pin/Pkg Length: Old=0mm New=0.254mm
PCB-ECO: Change Pad Pin/Pkg Length: Old=0mm New=0.254mm
PCB-ECO: Change Pad Pin/Pkg Length: Old=0mm New=0.254mm
PCB-ECO: Change Pad Pin/Pkg Length: Old=0mm New=0.254mm
PCB-ECO: Change Pad Pin/Pkg Length: Old=0mm New=0.254mm
PCB-ECO: Change Pad Pin/Pkg Length: Old=0mm New=0.254mm
PCB-ECO: Change Pad Pin/Pkg Length: Old=0mm New=0.254mm
