Change Footprint: Cannot match pads with new footprint in component :SW4 Footprint:SW_PG151101S11
Change Footprint: Cannot match pads with new footprint in component :SW5 Footprint:SW_PG151101S11
Change Footprint: Cannot match pads with new footprint in component :SW6 Footprint:SW_PG151101S11
Change Footprint: Cannot match pads with new footprint in component :SW7 Footprint:SW_PG151101S11
Change Footprint: Cannot match pads with new footprint in component :SW8 Footprint:SW_PG151101S11
Change Footprint: Cannot match pads with new footprint in component :SW9 Footprint:SW_PG151101S11
Change Footprint: Cannot match pads with new footprint in component :SW10 Footprint:SW_PG151101S11
Change Footprint: Cannot match pads with new footprint in component :SW11 Footprint:SW_PG151101S11
Change Footprint: Cannot match pads with new footprint in component :SW12 Footprint:SW_PG151101S11
Change Component Description : Designator=U1 Old Description=MCU Module - Raspberry Pi Board, Arm Cortex-M0+; Core Architecture:Arm; Core Sub-Architecture:Cortex-M0+; Kit Contents:Raspberry Pi Pico Board; No. Of Bits:32Bit; Silicon Core Number:Rp2040; Silicon Manufacturer:Raspberry Pi New Description=MCU Module - Raspberry Pi Board, Arm Cortex-M0+; Core Architecture:Arm; Core Sub-Architecture:Cortex-M0+; Kit Contents:Raspberry Pi Pico Board; No. Of Bits:32Bit; Silicon Core Number:Rp2040; Silicon Manufacturer:Raspberry Pi |Raspberry-Pi RASPBERRY PI PICO
Added Component: Designator=SW1(SW_PG151101S11)
Add component (AddParameter): Name = ".Mounting"; Value = "SMD"; VariantName = "[No Variations]"
Add component (AddParameter): Name = ".PCBChecked"; Value = ""; VariantName = "[No Variations]"
Add component (AddParameter): Name = ".SCHChecked"; Value = ""; VariantName = "[No Variations]"
Add component (AddParameter): Name = "Check_prices"; Value = "https://www.snapeda.com/parts/PG151101S11/Kailh/view-part/?ref=eda"; VariantName = "[No Variations]"
Add component (AddParameter): Name = "MF"; Value = "Kailh"; VariantName = "[No Variations]"
Add component (AddParameter): Name = "MP"; Value = "PG151101S11"; VariantName = "[No Variations]"
Add component (AddParameter): Name = "Package"; Value = "Package"; VariantName = "[No Variations]"
Add component (AddParameter): Name = "SnapEDA_Link"; Value = "https://www.snapeda.com/parts/PG151101S11/Kailh/view-part/?ref=snap"; VariantName = "[No Variations]"
Add component (AddParameter): Name = "Value"; Value = ""; VariantName = "[No Variations]"
Added Component: Designator=SW2(SW_PG151101S11)
Add component (AddParameter): Name = ".Mounting"; Value = "SMD"; VariantName = "[No Variations]"
Add component (AddParameter): Name = ".PCBChecked"; Value = ""; VariantName = "[No Variations]"
Add component (AddParameter): Name = ".SCHChecked"; Value = ""; VariantName = "[No Variations]"
Add component (AddParameter): Name = "Check_prices"; Value = "https://www.snapeda.com/parts/PG151101S11/Kailh/view-part/?ref=eda"; VariantName = "[No Variations]"
Add component (AddParameter): Name = "MF"; Value = "Kailh"; VariantName = "[No Variations]"
Add component (AddParameter): Name = "MP"; Value = "PG151101S11"; VariantName = "[No Variations]"
Add component (AddParameter): Name = "Package"; Value = "Package"; VariantName = "[No Variations]"
Add component (AddParameter): Name = "SnapEDA_Link"; Value = "https://www.snapeda.com/parts/PG151101S11/Kailh/view-part/?ref=snap"; VariantName = "[No Variations]"
Add component (AddParameter): Name = "Value"; Value = ""; VariantName = "[No Variations]"
Added Component: Designator=SW3(SW_PG151101S11)
Add component (AddParameter): Name = ".Mounting"; Value = "SMD"; VariantName = "[No Variations]"
Add component (AddParameter): Name = ".PCBChecked"; Value = ""; VariantName = "[No Variations]"
Add component (AddParameter): Name = ".SCHChecked"; Value = ""; VariantName = "[No Variations]"
Add component (AddParameter): Name = "Check_prices"; Value = "https://www.snapeda.com/parts/PG151101S11/Kailh/view-part/?ref=eda"; VariantName = "[No Variations]"
Add component (AddParameter): Name = "MF"; Value = "Kailh"; VariantName = "[No Variations]"
Add component (AddParameter): Name = "MP"; Value = "PG151101S11"; VariantName = "[No Variations]"
Add component (AddParameter): Name = "Package"; Value = "Package"; VariantName = "[No Variations]"
Add component (AddParameter): Name = "SnapEDA_Link"; Value = "https://www.snapeda.com/parts/PG151101S11/Kailh/view-part/?ref=snap"; VariantName = "[No Variations]"
Add component (AddParameter): Name = "Value"; Value = ""; VariantName = "[No Variations]"
Added Pin To Net: NetName=NetC1_2 Pin=SW1-1
Added Pin To Net: NetName=+3V3 Pin=SW1-2
Added Pin To Net: NetName=NetC2_2 Pin=SW2-1
Added Pin To Net: NetName=+3V3 Pin=SW2-2
Added Pin To Net: NetName=NetC3_2 Pin=SW3-1
Added Pin To Net: NetName=+3V3 Pin=SW3-2
Added Member To Class: ClassName=[04] - KEYS Member=Component SW1 PG151101S11
Added Member To Class: ClassName=[04] - KEYS Member=Component SW2 PG151101S11
Added Member To Class: ClassName=[04] - KEYS Member=Component SW3 PG151101S11
